<?xml version="1.0" encoding="UTF-8"?>
<!-- Generated by org.testng.reporters.JUnitXMLReporter -->
<testsuite ignored="0" hostname="Asus" failures="0" tests="3" name="Default test" time="7.992" errors="0" timestamp="2022-02-02T23:27:39 IST">
  <testcase classname="com.employeeAPI.testCases.DeleteEmployee" name="validateResponseBody" time="0.008"/>
  <testcase classname="com.employeeAPI.testCases.DeleteEmployee" name="validateResponseTime" time="0.003"/>
  <testcase classname="com.employeeAPI.testCases.DeleteEmployee" name="validateStatusCode" time="0.003"/>
</testsuite> <!-- Default test -->
